<?xml version="1.0" encoding="UTF-8"?>
<testng-results ignored="0" total="1" passed="1" failed="0" skipped="0">
  <reporter-output>
    <line>
      <![CDATA[Verifying Title Of Page-: ToolsQA]]>
    </line>
    <line>
      <![CDATA[Verifying Current URl Of Page :- https://demoqa.com/]]>
    </line>
    <line>
      <![CDATA[Selecting Elements Option on Home Page]]>
    </line>
    <line>
      <![CDATA[Verifyiing Text Fields On Elements Page]]>
    </line>
    <line>
      <![CDATA[Entering Values in Text Fields]]>
    </line>
    <line>
      <![CDATA[Submit Button is Clicked Successfully]]>
    </line>
    <line>
      <![CDATA[Verifyiing Check Box Option on Elements Page]]>
    </line>
    <line>
      <![CDATA[Home Check Box is Clicked Successfully]]>
    </line>
    <line>
      <![CDATA[Verifyiing Radio Button Option on Elements Page]]>
    </line>
    <line>
      <![CDATA[Go Back To Home Page By Clicking On ToolsQA logo]]>
    </line>
    <line>
      <![CDATA[ToolsQA Logo is Clicked Successfully]]>
    </line>
    <line>
      <![CDATA[Select Alert Option From Home Page]]>
    </line>
    <line>
      <![CDATA[Verifying Alert By Clicking click me Button]]>
    </line>
    <line>
      <![CDATA[clicking on Alerts from Alerts, Frame & Windows]]>
    </line>
    <line>
      <![CDATA[click me button is Clicked Successfully]]>
    </line>
  </reporter-output>
  <suite started-at="2022-07-26T13:27:58 IST" name="Suite" finished-at="2022-07-26T13:28:34 IST" duration-ms="35953">
    <groups>
    </groups>
    <test started-at="2022-07-26T13:27:58 IST" name="Test" finished-at="2022-07-26T13:28:34 IST" duration-ms="35953">
      <class name="testjava.AllTestPage">
        <test-method is-config="true" signature="browserLaunching()[pri:0, instance:testjava.AllTestPage@6e9175d8]" started-at="2022-07-26T13:27:58 IST" name="browserLaunching" finished-at="2022-07-26T13:28:16 IST" duration-ms="17813" status="PASS">
          <reporter-output>
          </reporter-output>
        </test-method> <!-- browserLaunching -->
        <test-method is-config="true" signature="pageObjects()[pri:0, instance:testjava.AllTestPage@6e9175d8]" started-at="2022-07-26T13:28:16 IST" name="pageObjects" finished-at="2022-07-26T13:28:16 IST" duration-ms="36" status="PASS">
          <reporter-output>
          </reporter-output>
        </test-method> <!-- pageObjects -->
        <test-method signature="allTest()[pri:0, instance:testjava.AllTestPage@6e9175d8]" started-at="2022-07-26T13:28:16 IST" name="allTest" finished-at="2022-07-26T13:28:33 IST" duration-ms="16964" status="PASS">
          <reporter-output>
            <line>
              <![CDATA[Verifying Title Of Page-: ToolsQA]]>
            </line>
            <line>
              <![CDATA[Verifying Current URl Of Page :- https://demoqa.com/]]>
            </line>
            <line>
              <![CDATA[Selecting Elements Option on Home Page]]>
            </line>
            <line>
              <![CDATA[Verifyiing Text Fields On Elements Page]]>
            </line>
            <line>
              <![CDATA[Entering Values in Text Fields]]>
            </line>
            <line>
              <![CDATA[Submit Button is Clicked Successfully]]>
            </line>
            <line>
              <![CDATA[Verifyiing Check Box Option on Elements Page]]>
            </line>
            <line>
              <![CDATA[Home Check Box is Clicked Successfully]]>
            </line>
            <line>
              <![CDATA[Verifyiing Radio Button Option on Elements Page]]>
            </line>
            <line>
              <![CDATA[Go Back To Home Page By Clicking On ToolsQA logo]]>
            </line>
            <line>
              <![CDATA[ToolsQA Logo is Clicked Successfully]]>
            </line>
            <line>
              <![CDATA[Select Alert Option From Home Page]]>
            </line>
            <line>
              <![CDATA[Verifying Alert By Clicking click me Button]]>
            </line>
            <line>
              <![CDATA[clicking on Alerts from Alerts, Frame & Windows]]>
            </line>
            <line>
              <![CDATA[click me button is Clicked Successfully]]>
            </line>
          </reporter-output>
        </test-method> <!-- allTest -->
        <test-method is-config="true" signature="terminate()[pri:0, instance:testjava.AllTestPage@6e9175d8]" started-at="2022-07-26T13:28:33 IST" name="terminate" finished-at="2022-07-26T13:28:34 IST" duration-ms="1086" status="PASS">
          <reporter-output>
          </reporter-output>
        </test-method> <!-- terminate -->
      </class> <!-- testjava.AllTestPage -->
    </test> <!-- Test -->
  </suite> <!-- Suite -->
</testng-results>
